# JRE version: OpenJDK Runtime Environment (8.0_242-b01) (build 1.8.0_242-release-1644-b01)
# Java VM: OpenJDK 64-Bit Server VM (25.242-b01 mixed mode windows-amd64 compressed oops)
Heap:
 PSYoungGen      total 361984K, used 121801K [0x00000000e0000000, 0x00000000fbb00000, 0x0000000100000000)
  eden space 309248K, 28% used [0x00000000e0000000,0x00000000e56dc768,0x00000000f2e00000)
  from space 52736K, 62% used [0x00000000f2e00000,0x00000000f4e16038,0x00000000f6180000)
  to   space 54784K, 0% used [0x00000000f8580000,0x00000000f8580000,0x00000000fbb00000)
 ParOldGen       total 187392K, used 73752K [0x00000000a0000000, 0x00000000ab700000, 0x00000000e0000000)
  object space 187392K, 39% used [0x00000000a0000000,0x00000000a48061e8,0x00000000ab700000)
 Metaspace       used 108252K, capacity 112824K, committed 113024K, reserved 1146880K
  class space    used 13795K, capacity 14687K, committed 14720K, reserved 1048576K
GC Heap History (10 events):
Event: 190.083 GC heap before
{Heap before GC invocations=36 (full 4):
 PSYoungGen      total 289792K, used 289789K [0x00000000e0000000, 0x00000000f8700000, 0x0000000100000000)
  eden space 243712K, 100% used [0x00000000e0000000,0x00000000eee00000,0x00000000eee00000)
  from space 46080K, 99% used [0x00000000eee00000,0x00000000f1aff698,0x00000000f1b00000)
  to   space 58368K, 0% used [0x00000000f4e00000,0x00000000f4e00000,0x00000000f8700000)
 ParOldGen       total 167424K, used 101922K [0x00000000a0000000, 0x00000000aa380000, 0x00000000e0000000)
  object space 167424K, 60% used [0x00000000a0000000,0x00000000a6388a60,0x00000000aa380000)
 Metaspace       used 92214K, capacity 95656K, committed 95744K, reserved 1132544K
  class space    used 11728K, capacity 12465K, committed 12544K, reserved 1048576K
Event: 190.173 GC heap after
Heap after GC invocations=36 (full 4):
 PSYoungGen      total 330752K, used 6567K [0x00000000e0000000, 0x00000000f8080000, 0x0000000100000000)
  eden space 279040K, 0% used [0x00000000e0000000,0x00000000e0000000,0x00000000f1080000)
  from space 51712K, 12% used [0x00000000f4e00000,0x00000000f5469c30,0x00000000f8080000)
  to   space 57344K, 0% used [0x00000000f1080000,0x00000000f1080000,0x00000000f4880000)
 ParOldGen       total 167424K, used 140508K [0x00000000a0000000, 0x00000000aa380000, 0x00000000e0000000)
  object space 167424K, 83% used [0x00000000a0000000,0x00000000a89373f8,0x00000000aa380000)
 Metaspace       used 92214K, capacity 95656K, committed 95744K, reserved 1132544K
  class space    used 11728K, capacity 12465K, committed 12544K, reserved 1048576K
}
Event: 190.173 GC heap before
{Heap before GC invocations=37 (full 5):
 PSYoungGen      total 330752K, used 6567K [0x00000000e0000000, 0x00000000f8080000, 0x0000000100000000)
  eden space 279040K, 0% used [0x00000000e0000000,0x00000000e0000000,0x00000000f1080000)
  from space 51712K, 12% used [0x00000000f4e00000,0x00000000f5469c30,0x00000000f8080000)
  to   space 57344K, 0% used [0x00000000f1080000,0x00000000f1080000,0x00000000f4880000)
 ParOldGen       total 167424K, used 140508K [0x00000000a0000000, 0x00000000aa380000, 0x00000000e0000000)
  object space 167424K, 83% used [0x00000000a0000000,0x00000000a89373f8,0x00000000aa380000)
 Metaspace       used 92214K, capacity 95656K, committed 95744K, reserved 1132544K
  class space    used 11728K, capacity 12465K, committed 12544K, reserved 1048576K
Event: 190.845 GC heap after
Heap after GC invocations=37 (full 5):
 PSYoungGen      total 330752K, used 0K [0x00000000e0000000, 0x00000000f8080000, 0x0000000100000000)
  eden space 279040K, 0% used [0x00000000e0000000,0x00000000e0000000,0x00000000f1080000)
  from space 51712K, 0% used [0x00000000f4e00000,0x00000000f4e00000,0x00000000f8080000)
  to   space 57344K, 0% used [0x00000000f1080000,0x00000000f1080000,0x00000000f4880000)
 ParOldGen       total 187392K, used 73720K [0x00000000a0000000, 0x00000000ab700000, 0x00000000e0000000)
  object space 187392K, 39% used [0x00000000a0000000,0x00000000a47fe1e8,0x00000000ab700000)
 Metaspace       used 92210K, capacity 95650K, committed 95744K, reserved 1132544K
  class space    used 11727K, capacity 12464K, committed 12544K, reserved 1048576K
}
Event: 201.018 GC heap before
{Heap before GC invocations=38 (full 5):
 PSYoungGen      total 330752K, used 279040K [0x00000000e0000000, 0x00000000f8080000, 0x0000000100000000)
  eden space 279040K, 100% used [0x00000000e0000000,0x00000000f1080000,0x00000000f1080000)
  from space 51712K, 0% used [0x00000000f4e00000,0x00000000f4e00000,0x00000000f8080000)
  to   space 57344K, 0% used [0x00000000f1080000,0x00000000f1080000,0x00000000f4880000)
 ParOldGen       total 187392K, used 73720K [0x00000000a0000000, 0x00000000ab700000, 0x00000000e0000000)
  object space 187392K, 39% used [0x00000000a0000000,0x00000000a47fe1e8,0x00000000ab700000)
 Metaspace       used 94209K, capacity 97826K, committed 98048K, reserved 1134592K
  class space    used 12022K, capacity 12788K, committed 12800K, reserved 1048576K
Event: 201.028 GC heap after
Heap after GC invocations=38 (full 5):
 PSYoungGen      total 336384K, used 5469K [0x00000000e0000000, 0x00000000f9d80000, 0x0000000100000000)
  eden space 279040K, 0% used [0x00000000e0000000,0x00000000e0000000,0x00000000f1080000)
  from space 57344K, 9% used [0x00000000f1080000,0x00000000f15d77e8,0x00000000f4880000)
  to   space 56320K, 0% used [0x00000000f6680000,0x00000000f6680000,0x00000000f9d80000)
 ParOldGen       total 187392K, used 73728K [0x00000000a0000000, 0x00000000ab700000, 0x00000000e0000000)
  object space 187392K, 39% used [0x00000000a0000000,0x00000000a48001e8,0x00000000ab700000)
 Metaspace       used 94209K, capacity 97826K, committed 98048K, reserved 1134592K
  class space    used 12022K, capacity 12788K, committed 12800K, reserved 1048576K
}
Event: 204.166 GC heap before
{Heap before GC invocations=39 (full 5):
 PSYoungGen      total 336384K, used 284509K [0x00000000e0000000, 0x00000000f9d80000, 0x0000000100000000)
  eden space 279040K, 100% used [0x00000000e0000000,0x00000000f1080000,0x00000000f1080000)
  from space 57344K, 9% used [0x00000000f1080000,0x00000000f15d77e8,0x00000000f4880000)
  to   space 56320K, 0% used [0x00000000f6680000,0x00000000f6680000,0x00000000f9d80000)
 ParOldGen       total 187392K, used 73728K [0x00000000a0000000, 0x00000000ab700000, 0x00000000e0000000)
  object space 187392K, 39% used [0x00000000a0000000,0x00000000a48001e8,0x00000000ab700000)
 Metaspace       used 99759K, capacity 103410K, committed 103552K, reserved 1138688K
  class space    used 12638K, capacity 13432K, committed 13440K, reserved 1048576K
Event: 204.207 GC heap after
Heap after GC invocations=39 (full 5):
 PSYoungGen      total 356864K, used 17065K [0x00000000e0000000, 0x00000000f9500000, 0x0000000100000000)
  eden space 309248K, 0% used [0x00000000e0000000,0x00000000e0000000,0x00000000f2e00000)
  from space 47616K, 35% used [0x00000000f6680000,0x00000000f772a7b0,0x00000000f9500000)
  to   space 52736K, 0% used [0x00000000f2e00000,0x00000000f2e00000,0x00000000f6180000)
 ParOldGen       total 187392K, used 73736K [0x00000000a0000000, 0x00000000ab700000, 0x00000000e0000000)
  object space 187392K, 39% used [0x00000000a0000000,0x00000000a48021e8,0x00000000ab700000)
 Metaspace       used 99759K, capacity 103410K, committed 103552K, reserved 1138688K
  class space    used 12638K, capacity 13432K, committed 13440K, reserved 1048576K
}
Event: 207.832 GC heap before
{Heap before GC invocations=40 (full 5):
 PSYoungGen      total 356864K, used 326313K [0x00000000e0000000, 0x00000000f9500000, 0x0000000100000000)
  eden space 309248K, 100% used [0x00000000e0000000,0x00000000f2e00000,0x00000000f2e00000)
  from space 47616K, 35% used [0x00000000f6680000,0x00000000f772a7b0,0x00000000f9500000)
  to   space 52736K, 0% used [0x00000000f2e00000,0x00000000f2e00000,0x00000000f6180000)
 ParOldGen       total 187392K, used 73736K [0x00000000a0000000, 0x00000000ab700000, 0x00000000e0000000)
  object space 187392K, 39% used [0x00000000a0000000,0x00000000a48021e8,0x00000000ab700000)
 Metaspace       used 108154K, capacity 112682K, committed 112768K, reserved 1146880K
  class space    used 13794K, capacity 14686K, committed 14720K, reserved 1048576K
Event: 207.913 GC heap after
Heap after GC invocations=40 (full 5):
 PSYoungGen      total 361984K, used 32856K [0x00000000e0000000, 0x00000000fbb00000, 0x0000000100000000)
  eden space 309248K, 0% used [0x00000000e0000000,0x00000000e0000000,0x00000000f2e00000)
  from space 52736K, 62% used [0x00000000f2e00000,0x00000000f4e16038,0x00000000f6180000)
  to   space 54784K, 0% used [0x00000000f8580000,0x00000000f8580000,0x00000000fbb00000)
 ParOldGen       total 187392K, used 73752K [0x00000000a0000000, 0x00000000ab700000, 0x00000000e0000000)
  object space 187392K, 39% used [0x00000000a0000000,0x00000000a48061e8,0x00000000ab700000)
 Metaspace       used 108154K, capacity 112682K, committed 112768K, reserved 1146880K
  class space    used 13794K, capacity 14686K, committed 14720K, reserved 1048576K
}

